<?xml version="1.0" encoding="utf-8"?><testsuites name="pytest tests"><testsuite name="pytest" errors="0" failures="0" skipped="0" tests="80" time="19.659" timestamp="2026-07-30T10:24:12.583474+00:00" hostname="agent-env-a47aeb38-4051-4934-9aca-a4b7113c56d9"><testcase classname="test_api.TestHealth" name="test_root_ok" time="0.301" /><testcase classname="test_api.TestAuthGuards" name="test_me_no_token" time="0.136" /><testcase classname="test_api.TestAuthGuards" name="test_me_invalid_bearer" time="0.114" /><testcase classname="test_api.TestAuthGuards" name="test_me_valid_session" time="0.158" /><testcase classname="test_api.TestUsersSearch" name="test_search_excludes_self" time="0.110" /><testcase classname="test_api.TestUsersSearch" name="test_search_by_partial_name" time="0.132" /><testcase classname="test_api.TestUsersSearch" name="test_search_by_email_fragment" time="0.112" /><testcase classname="test_api.TestConversations" name="test_create_conversation" time="0.162" /><testcase classname="test_api.TestConversations" name="test_create_conversation_idempotent" time="0.148" /><testcase classname="test_api.TestConversations" name="test_create_conversation_with_self_400" time="0.094" /><testcase classname="test_api.TestConversations" name="test_create_conversation_bad_peer_404" time="0.093" /><testcase classname="test_api.TestConversations" name="test_list_conversations_sorted_desc" time="0.301" /><testcase classname="test_api.TestMessages" name="test_send_text_updates_last_message" time="0.223" /><testcase classname="test_api.TestMessages" name="test_send_image_preview" time="0.259" /><testcase classname="test_api.TestMessages" name="test_send_video_preview" time="0.200" /><testcase classname="test_api.TestMessages" name="test_send_empty_text_400" time="0.159" /><testcase classname="test_api.TestMessages" name="test_send_non_participant_404" time="0.212" /><testcase classname="test_api.TestMessages" name="test_list_messages_sorted_asc" time="0.284" /><testcase classname="test_api.TestLogout" name="test_logout_invalidates_session" time="0.186" /><testcase classname="test_iteration2.TestUnreadCount" name="test_unread_reflects_peer_messages" time="0.307" /><testcase classname="test_iteration2.TestUnreadCount" name="test_own_messages_dont_increment_unread" time="0.586" /><testcase classname="test_iteration2.TestUnreadCount" name="test_unread_zero_when_no_peer_messages" time="0.226" /><testcase classname="test_iteration2.TestMarkRead" name="test_mark_read_requires_auth" time="0.138" /><testcase classname="test_iteration2.TestMarkRead" name="test_mark_read_success_updates_and_returns_count" time="0.575" /><testcase classname="test_iteration2.TestMarkRead" name="test_mark_read_idempotent_second_call_updates_zero" time="0.268" /><testcase classname="test_iteration2.TestMarkRead" name="test_mark_read_non_participant_404" time="0.171" /><testcase classname="test_iteration2.TestMarkRead" name="test_new_incoming_after_read_is_unread" time="0.308" /><testcase classname="test_iteration2.TestDiscover" name="test_discover_requires_auth" time="0.100" /><testcase classname="test_iteration2.TestDiscover" name="test_discover_excludes_self_and_no_leak" time="0.110" /><testcase classname="test_iteration2.TestDiscover" name="test_discover_excludes_known_conversations" time="0.153" /><testcase classname="test_iteration2.TestDiscover" name="test_discover_sorted_created_at_desc" time="0.108" /><testcase classname="test_iteration2" name="test_ws_read_event_broadcast_to_sender" time="0.455" /><testcase classname="test_iteration2" name="test_ws_typing_broadcast_to_peer_only" time="2.008" /><testcase classname="test_iteration2" name="test_ws_typing_non_participant_no_broadcast" time="3.630" /><testcase classname="test_iteration3.TestAuthMeNewFields" name="test_me_returns_null_username_and_display_name_for_fresh_user" time="0.123" /><testcase classname="test_iteration3.TestUsernameAvailable" name="test_requires_auth" time="0.096" /><testcase classname="test_iteration3.TestUsernameAvailable" name="test_valid_unused_returns_available_true_and_normalized" time="0.120" /><testcase classname="test_iteration3.TestUsernameAvailable" name="test_uppercase_input_is_normalized_lowercase" time="0.105" /><testcase classname="test_iteration3.TestUsernameAvailable" name="test_taken_username_returns_available_false" time="0.147" /><testcase classname="test_iteration3.TestUsernameAvailable" name="test_invalid_short_returns_false_with_reason" time="0.109" /><testcase classname="test_iteration3.TestUsernameAvailable" name="test_invalid_long_returns_false_with_reason" time="0.107" /><testcase classname="test_iteration3.TestUsernameAvailable" name="test_invalid_symbol_returns_false_with_reason" time="0.094" /><testcase classname="test_iteration3.TestUsernameAvailable" name="test_reserved_username_returns_false_with_reason" time="0.146" /><testcase classname="test_iteration3.TestUsernameAvailable" name="test_own_current_username_reports_available_true" time="0.207" /><testcase classname="test_iteration3.TestCompleteProfile" name="test_requires_auth" time="0.101" /><testcase classname="test_iteration3.TestCompleteProfile" name="test_success_returns_updated_user" time="0.156" /><testcase classname="test_iteration3.TestCompleteProfile" name="test_uppercase_username_is_normalized_lowercase" time="0.105" /><testcase classname="test_iteration3.TestCompleteProfile" name="test_display_name_too_short_rejected" time="0.105" /><testcase classname="test_iteration3.TestCompleteProfile" name="test_display_name_too_long_rejected" time="0.120" /><testcase classname="test_iteration3.TestCompleteProfile" name="test_username_too_short_rejected" time="0.130" /><testcase classname="test_iteration3.TestCompleteProfile" name="test_username_too_long_rejected" time="0.099" /><testcase classname="test_iteration3.TestCompleteProfile" name="test_username_invalid_symbol_rejected" time="0.103" /><testcase classname="test_iteration3.TestCompleteProfile" name="test_reserved_username_rejected" time="0.104" /><testcase classname="test_iteration3.TestCompleteProfile" name="test_username_conflict_409" time="0.148" /><testcase classname="test_iteration3.TestCompleteProfile" name="test_username_conflict_case_insensitive_409" time="0.144" /><testcase classname="test_iteration3.TestCompleteProfile" name="test_update_own_profile_change_display_name" time="0.195" /><testcase classname="test_iteration3.TestCompleteProfile" name="test_update_own_profile_change_username" time="0.192" /><testcase classname="test_iteration3.TestSearchByUsername" name="test_search_at_prefix_matches_username" time="0.147" /><testcase classname="test_iteration3.TestSearchByUsername" name="test_search_at_prefix_case_insensitive" time="0.148" /><testcase classname="test_iteration3.TestSearchByUsername" name="test_search_by_display_name_partial" time="0.146" /><testcase classname="test_iteration3.TestSearchByUsername" name="test_search_by_username_partial_no_at_prefix" time="0.141" /><testcase classname="test_iteration3.TestSparseUniqueIndex" name="test_two_users_can_have_null_username" time="0.099" /><testcase classname="test_iteration3.TestSparseUniqueIndex" name="test_partial_index_allows_multiple_stub_null_users" time="0.001" /><testcase classname="test_iteration4.TestSendDocument" name="test_send_document_returns_full_message" time="0.142" /><testcase classname="test_iteration4.TestSendDocument" name="test_send_document_updates_last_message_preview" time="0.247" /><testcase classname="test_iteration4.TestSendDocument" name="test_get_messages_returns_document_fields_intact" time="0.186" /><testcase classname="test_iteration4.TestSendDocument" name="test_send_document_missing_media_returns_400" time="0.150" /><testcase classname="test_iteration4.TestSendDocument" name="test_send_document_without_filename_still_previews" time="0.228" /><testcase classname="test_iteration4.TestUnknownTypeValidation" name="test_unknown_type_returns_422[audio]" time="0.167" /><testcase classname="test_iteration4.TestUnknownTypeValidation" name="test_unknown_type_returns_422[sticker]" time="0.144" /><testcase classname="test_iteration4.TestUnknownTypeValidation" name="test_unknown_type_returns_422[gif]" time="0.143" /><testcase classname="test_iteration4.TestUnknownTypeValidation" name="test_unknown_type_returns_422[location]" time="0.154" /><testcase classname="test_iteration4.TestUnknownTypeValidation" name="test_unknown_type_returns_422[]" time="0.149" /><testcase classname="test_iteration4.TestRegressionOtherTypes" name="test_text_preview_still_correct" time="0.220" /><testcase classname="test_iteration4.TestRegressionOtherTypes" name="test_image_preview_still_correct" time="0.262" /><testcase classname="test_iteration4.TestRegressionOtherTypes" name="test_video_preview_still_correct" time="0.191" /><testcase classname="test_iteration4.TestRegressionOtherTypes" name="test_image_missing_media_still_400" time="0.145" /><testcase classname="test_iteration4.TestReadReceiptsPreserveDocumentFields" name="test_mark_read_keeps_filename_filesize_intact" time="0.362" /><testcase classname="test_ws" name="test_ws_invalid_token_closes_4401" time="0.143" /><testcase classname="test_ws" name="test_ws_connected_and_receives_message" time="0.317" /></testsuite></testsuites>