<?xml version="1.0" encoding="utf-8"?><testsuites name="pytest tests"><testsuite name="pytest" errors="0" failures="0" skipped="0" tests="21" time="3.854" timestamp="2026-07-30T09:24:15.038065+00:00" hostname="agent-env-a47aeb38-4051-4934-9aca-a4b7113c56d9"><testcase classname="test_api.TestHealth" name="test_root_ok" time="0.302" /><testcase classname="test_api.TestAuthGuards" name="test_me_no_token" time="0.100" /><testcase classname="test_api.TestAuthGuards" name="test_me_invalid_bearer" time="0.133" /><testcase classname="test_api.TestAuthGuards" name="test_me_valid_session" time="0.156" /><testcase classname="test_api.TestUsersSearch" name="test_search_excludes_self" time="0.099" /><testcase classname="test_api.TestUsersSearch" name="test_search_by_partial_name" time="0.123" /><testcase classname="test_api.TestUsersSearch" name="test_search_by_email_fragment" time="0.138" /><testcase classname="test_api.TestConversations" name="test_create_conversation" time="0.103" /><testcase classname="test_api.TestConversations" name="test_create_conversation_idempotent" time="0.145" /><testcase classname="test_api.TestConversations" name="test_create_conversation_with_self_400" time="0.111" /><testcase classname="test_api.TestConversations" name="test_create_conversation_bad_peer_404" time="0.121" /><testcase classname="test_api.TestConversations" name="test_list_conversations_sorted_desc" time="0.353" /><testcase classname="test_api.TestMessages" name="test_send_text_updates_last_message" time="0.192" /><testcase classname="test_api.TestMessages" name="test_send_image_preview" time="0.192" /><testcase classname="test_api.TestMessages" name="test_send_video_preview" time="0.225" /><testcase classname="test_api.TestMessages" name="test_send_empty_text_400" time="0.161" /><testcase classname="test_api.TestMessages" name="test_send_non_participant_404" time="0.148" /><testcase classname="test_api.TestMessages" name="test_list_messages_sorted_asc" time="0.291" /><testcase classname="test_api.TestLogout" name="test_logout_invalidates_session" time="0.184" /><testcase classname="test_ws" name="test_ws_invalid_token_closes_4401" time="0.168" /><testcase classname="test_ws" name="test_ws_connected_and_receives_message" time="0.345" /></testsuite></testsuites>